2019-10-05 13:09:52.136 [qtp268468188-31] INFO  by.training.final.DataBaseLogger - PersistentException in WithdrawTransaction, method commit()
2019-10-05 13:10:05.792 [qtp268468188-17] INFO  by.training.final.DataBaseLogger - PersistentException in WithdrawTransaction, method commit()
2019-10-05 13:10:11.965 [qtp268468188-18] INFO  by.training.final.DataBaseLogger - PersistentException in WithdrawTransaction, method commit()
2019-10-05 13:10:31.410 [qtp268468188-16] INFO  by.training.final.DataBaseLogger - PersistentException in WithdrawTransaction, method commit()
2019-10-05 13:13:24.428 [qtp268468188-17] INFO  by.training.final.DataBaseLogger - PersistentException in WithdrawTransaction, method commit()
2019-10-05 13:14:41.977 [qtp218007578-29] INFO  by.training.final.DataBaseLogger - PersistentException in WithdrawTransaction, method commit()
2019-10-05 13:18:44.839 [qtp219416103-18] INFO  by.training.final.DataBaseLogger - PersistentException in WithdrawTransaction, method commit()
2019-10-05 13:20:46.135 [qtp351345238-20] INFO  by.training.final.DataBaseLogger - PersistentException in WithdrawTransaction, method commit()
2019-10-05 13:24:27.810 [qtp1298529197-25] INFO  by.training.final.DataBaseLogger - Transaction null is completed
2019-10-05 13:24:32.407 [qtp1298529197-19] INFO  by.training.final.DataBaseLogger - Transaction null is completed
2019-10-05 14:36:53.765 [qtp1157159044-31] INFO  by.training.final.DataBaseLogger - Transaction 5 is rejected
2019-10-05 14:36:54.792 [qtp1157159044-17] INFO  by.training.final.DataBaseLogger - Transaction 4 is rejected
2019-10-05 14:36:55.968 [qtp1157159044-19] INFO  by.training.final.DataBaseLogger - Transaction 3 is rejected
2019-10-05 14:36:59.652 [qtp1157159044-21] INFO  by.training.final.DataBaseLogger - Transaction 2 is rejected
2019-10-05 14:55:07.685 [qtp2136601828-19] INFO  by.training.final.DataBaseLogger - Order 28 is canceled
2019-10-05 14:55:18.839 [qtp2136601828-17] INFO  by.training.final.DataBaseLogger - Transaction 6 is rejected
2019-10-05 14:55:22.214 [qtp2136601828-26] INFO  by.training.final.DataBaseLogger - Transaction 1 is rejected
2019-10-05 15:00:27.875 [qtp1157159044-21] INFO  by.training.final.DataBaseLogger - Order 39 is canceled
2019-10-05 15:00:30.542 [qtp1157159044-20] INFO  by.training.final.DataBaseLogger - Order 40 is canceled
2019-10-05 15:00:31.737 [qtp1157159044-30] INFO  by.training.final.DataBaseLogger - Order 42 is canceled
2019-10-05 15:00:32.719 [qtp1157159044-19] INFO  by.training.final.DataBaseLogger - Order 41 is canceled
2019-10-05 15:00:34.082 [qtp1157159044-24] INFO  by.training.final.DataBaseLogger - Order 43 is canceled
2019-10-05 15:02:07.420 [qtp1157159044-16] INFO  by.training.final.DataBaseLogger - Order 10 is canceled
2019-10-05 15:02:26.719 [qtp1157159044-16] INFO  by.training.final.DataBaseLogger - Order 44 is canceled
2019-10-05 15:03:31.326 [qtp1157159044-18] INFO  by.training.final.DataBaseLogger - Order 45 is canceled
2019-10-05 15:10:50.441 [qtp1157159044-31] INFO  by.training.final.DataBaseLogger - Transaction 7 is approve
2019-10-05 15:11:42.820 [qtp1157159044-23] INFO  by.training.final.DataBaseLogger - Transaction 8 is approve
2019-10-05 15:14:03.844 [qtp1157159044-32] INFO  by.training.final.DataBaseLogger - Order 47 is executed
2019-10-06 14:00:42.309 [qtp253658963-22] INFO  by.training.final.DataBaseLogger - Order 34 is canceled
2019-10-06 14:07:18.111 [qtp253658963-33] INFO  by.training.final.DataBaseLogger - Transaction null is completed
2019-10-06 14:07:30.933 [qtp253658963-30] INFO  by.training.final.DataBaseLogger - Transaction 9 is rejected
2019-10-06 14:07:35.963 [qtp253658963-34] INFO  by.training.final.DataBaseLogger - Transaction null is completed
2019-10-06 14:07:40.855 [qtp253658963-23] INFO  by.training.final.DataBaseLogger - Transaction 10 is rejected
2019-10-06 14:07:45.890 [qtp253658963-31] INFO  by.training.final.DataBaseLogger - Transaction null is completed
2019-10-06 14:09:26.386 [qtp777906722-17] INFO  by.training.final.DataBaseLogger - Transaction 11 is approve
2019-10-06 14:09:44.030 [qtp777906722-25] INFO  by.training.final.DataBaseLogger - PersistentException in WithdrawTransaction, method commit()
2019-10-06 14:10:04.206 [qtp777906722-23] INFO  by.training.final.DataBaseLogger - Transaction 12 is approve
