2019-10-04 20:32:57.940 [qtp1272093185-29] INFO  by.training.final.ServletLogger - username-unknown, role-unknown, command-changelanguage
2019-10-04 20:33:00.098 [qtp1272093185-24] INFO  by.training.final.ServletLogger - username-unknown, role-unknown, command-changelanguage
2019-10-04 20:33:02.910 [qtp1272093185-26] INFO  by.training.final.ServletLogger - username-unknown, role-unknown, command-changelanguage
2019-10-04 20:33:05.097 [qtp1272093185-25] INFO  by.training.final.ServletLogger - username-unknown, role-unknown, command-toregistration
2019-10-04 20:33:14.572 [qtp1272093185-27] INFO  by.training.final.ServletLogger - username-unknown, role-unknown, command-registration
2019-10-04 20:33:29.278 [qtp1272093185-21] INFO  by.training.final.ServletLogger - username-unknown, role-unknown, command-changelanguage
2019-10-04 20:33:30.923 [qtp1272093185-27] INFO  by.training.final.ServletLogger - username-unknown, role-unknown, command-changelanguage
2019-10-04 20:33:38.116 [qtp1272093185-26] INFO  by.training.final.ServletLogger - username-unknown, role-unknown, command-login
2019-10-04 20:34:07.852 [qtp1272093185-22] INFO  by.training.final.ServletLogger - username-Bob, role-sec, command-togglepair
2019-10-04 20:34:31.767 [qtp1272093185-29] INFO  by.training.final.ServletLogger - username-Bob, role-sec, command-togglepair
2019-10-04 20:34:54.170 [qtp1272093185-29] INFO  by.training.final.ServletLogger - username-Bob, role-sec, command-logout
2019-10-04 20:35:01.417 [qtp1272093185-24] INFO  by.training.final.ServletLogger - username-unknown, role-unknown, command-login
2019-10-04 20:37:22.555 [qtp1653564461-16] INFO  by.training.final.ServletLogger - username-unknown, role-unknown, command-login
2019-10-04 20:38:16.699 [qtp1653564461-30] INFO  by.training.final.ServletLogger - username-Eve, role-user, command-settypeoforder
2019-10-04 20:38:18.510 [qtp1653564461-22] INFO  by.training.final.ServletLogger - username-Eve, role-user, command-settypeoforder
2019-10-04 20:38:20.155 [qtp1653564461-33] INFO  by.training.final.ServletLogger - username-Eve, role-user, command-settypeoforder
2019-10-04 20:38:25.267 [qtp1653564461-18] INFO  by.training.final.ServletLogger - username-Eve, role-user, command-tomarket
2019-10-04 20:38:49.738 [qtp1653564461-30] INFO  by.training.final.ServletLogger - username-Eve, role-user, command-tomarket
2019-10-04 20:39:13.696 [qtp1653564461-33] INFO  by.training.final.ServletLogger - username-Eve, role-user, command-settypeoforder
2019-10-04 20:39:15.393 [qtp1653564461-24] INFO  by.training.final.ServletLogger - username-Eve, role-user, command-settypeoforder
2019-10-04 20:39:16.977 [qtp1653564461-30] INFO  by.training.final.ServletLogger - username-Eve, role-user, command-settypeoforder
2019-10-04 20:39:18.538 [qtp1653564461-22] INFO  by.training.final.ServletLogger - username-Eve, role-user, command-settypeoforder
2019-10-04 20:39:27.960 [qtp1653564461-24] INFO  by.training.final.ServletLogger - username-Eve, role-user, command-setlimitorder
2019-10-04 20:39:32.285 [qtp1653564461-32] INFO  by.training.final.ServletLogger - username-Eve, role-user, command-settypeoforder
2019-10-04 20:39:33.826 [qtp1653564461-21] INFO  by.training.final.ServletLogger - username-Eve, role-user, command-settypeoforder
2019-10-04 20:39:35.274 [qtp1653564461-16] INFO  by.training.final.ServletLogger - username-Eve, role-user, command-setlimitorder
2019-10-04 20:39:37.199 [qtp1653564461-20] INFO  by.training.final.ServletLogger - username-Eve, role-user, command-settypeoforder
2019-10-04 20:39:38.180 [qtp1653564461-22] INFO  by.training.final.ServletLogger - username-Eve, role-user, command-executemarketorder
2019-10-04 20:39:39.800 [qtp1653564461-18] INFO  by.training.final.ServletLogger - username-Eve, role-user, command-executemarketorder
2019-10-04 20:39:40.895 [qtp1653564461-33] INFO  by.training.final.ServletLogger - username-Eve, role-user, command-executemarketorder
2019-10-04 20:39:45.921 [qtp1653564461-22] INFO  by.training.final.ServletLogger - username-Eve, role-user, command-settypeoforder
2019-10-04 21:45:31.349 [qtp1726301214-34] INFO  by.training.final.ServletLogger - username-unknown, role-unknown, command-login
2019-10-04 21:46:49.855 [qtp1726301214-34] INFO  by.training.final.ServletLogger - username-Eve, role-user, command-setlimitorder
2019-10-04 21:46:54.367 [qtp1726301214-34] INFO  by.training.final.ServletLogger - username-Eve, role-user, command-setlimitorder
2019-10-04 21:48:55.380 [qtp431942497-22] INFO  by.training.final.ServletLogger - username-unknown, role-unknown, command-login
2019-10-04 21:57:09.347 [qtp1097069829-21] INFO  by.training.final.ServletLogger - username-unknown, role-unknown, command-login
2019-10-04 22:32:59.819 [qtp431942497-21] INFO  by.training.final.ServletLogger - username-unknown, role-unknown, command-login
2019-10-04 22:35:23.013 [qtp431942497-30] INFO  by.training.final.ServletLogger - username-unknown, role-unknown, command-login
2019-10-04 22:35:55.465 [qtp431942497-25] INFO  by.training.final.ServletLogger - username-Bob, role-sec, command-logout
2019-10-04 22:35:59.532 [qtp431942497-33] INFO  by.training.final.ServletLogger - username-unknown, role-unknown, command-login
2019-10-04 22:37:15.932 [qtp58290164-22] INFO  by.training.final.ServletLogger - username-unknown, role-unknown, command-login
2019-10-04 22:39:04.290 [qtp673974417-20] INFO  by.training.final.ServletLogger - username-unknown, role-unknown, command-login
2019-10-04 22:40:04.942 [qtp673974417-23] INFO  by.training.final.ServletLogger - username-Eve, role-user, command-logout
2019-10-04 22:40:09.147 [qtp673974417-31] INFO  by.training.final.ServletLogger - username-unknown, role-unknown, command-login
2019-10-04 22:42:05.252 [qtp1449109458-19] INFO  by.training.final.ServletLogger - username-unknown, role-unknown, command-login
2019-10-04 22:49:04.156 [qtp1039439577-16] INFO  by.training.final.ServletLogger - username-unknown, role-unknown, command-login
2019-10-04 22:51:01.089 [qtp1039439577-16] INFO  by.training.final.ServletLogger - username-unknown, role-unknown, command-login
2019-10-04 22:51:01.462 [qtp1039439577-26] INFO  by.training.final.ServletLogger - username-unknown, role-unknown, command-login
2019-10-04 22:53:53.243 [qtp1169903663-17] INFO  by.training.final.ServletLogger - username-unknown, role-unknown, command-login
2019-10-04 22:57:15.032 [qtp455536646-19] INFO  by.training.final.ServletLogger - username-unknown, role-unknown, command-login
2019-10-04 23:05:11.892 [qtp547643943-14] INFO  by.training.final.ServletLogger - username-unknown, role-unknown, command-login
2019-10-05 00:27:13.462 [qtp1418481959-27] INFO  by.training.final.ServletLogger - username-unknown, role-unknown, command-login
2019-10-05 00:27:20.279 [qtp1418481959-19] INFO  by.training.final.ServletLogger - username-Eve, role-user, command-settypeoforder
2019-10-05 00:27:21.852 [qtp1418481959-23] INFO  by.training.final.ServletLogger - username-Eve, role-user, command-settypeoforder
2019-10-05 00:27:25.525 [qtp1418481959-22] INFO  by.training.final.ServletLogger - username-Eve, role-user, command-tomarket
2019-10-05 00:27:26.608 [qtp1418481959-26] INFO  by.training.final.ServletLogger - username-Eve, role-user, command-tomarket
2019-10-05 00:27:27.866 [qtp1418481959-19] INFO  by.training.final.ServletLogger - username-Eve, role-user, command-tomarket
2019-10-05 00:27:29.220 [qtp1418481959-32] INFO  by.training.final.ServletLogger - username-Eve, role-user, command-tomarket
2019-10-05 00:27:30.034 [qtp1418481959-19] INFO  by.training.final.ServletLogger - username-Eve, role-user, command-tomarket
2019-10-05 00:27:31.066 [qtp1418481959-16] INFO  by.training.final.ServletLogger - username-Eve, role-user, command-setlimitorder
2019-10-05 00:27:32.956 [qtp1418481959-26] INFO  by.training.final.ServletLogger - username-Eve, role-user, command-settypeoforder
2019-10-05 00:27:33.896 [qtp1418481959-24] INFO  by.training.final.ServletLogger - username-Eve, role-user, command-executemarketorder
2019-10-05 00:27:37.424 [qtp1418481959-26] INFO  by.training.final.ServletLogger - username-Eve, role-user, command-executemarketorder
2019-10-05 00:27:39.378 [qtp1418481959-25] INFO  by.training.final.ServletLogger - username-Eve, role-user, command-settypeoforder
2019-10-05 00:27:40.267 [qtp1418481959-22] INFO  by.training.final.ServletLogger - username-Eve, role-user, command-setlimitorder
2019-10-05 00:28:52.249 [qtp1418481959-14] INFO  by.training.final.ServletLogger - username-Eve, role-user, command-tomarket
2019-10-05 00:29:07.245 [qtp1418481959-26] INFO  by.training.final.ServletLogger - username-Eve, role-user, command-setlimitorder
2019-10-05 00:29:07.393 [qtp1418481959-26] INFO  by.training.final.ServletLogger - username-Eve, role-user, command-setlimitorder
2019-10-05 00:29:19.451 [qtp1418481959-23] INFO  by.training.final.ServletLogger - username-Eve, role-user, command-tomarket
2019-10-05 00:32:34.321 [qtp547643943-17] INFO  by.training.final.ServletLogger - username-unknown, role-unknown, command-login
2019-10-05 00:32:53.099 [qtp547643943-14] INFO  by.training.final.ServletLogger - username-Eve, role-user, command-setlimitorder
2019-10-05 00:32:53.221 [qtp547643943-14] INFO  by.training.final.ServletLogger - username-Eve, role-user, command-setlimitorder
2019-10-05 00:34:35.965 [qtp1680709407-23] INFO  by.training.final.ServletLogger - username-unknown, role-unknown, command-login
2019-10-05 00:34:45.978 [qtp1680709407-16] INFO  by.training.final.ServletLogger - username-Eve, role-user, command-setlimitorder
2019-10-05 00:34:46.104 [qtp1680709407-16] INFO  by.training.final.ServletLogger - username-Eve, role-user, command-setlimitorder
2019-10-05 00:36:07.068 [qtp24057252-14] INFO  by.training.final.ServletLogger - username-unknown, role-unknown, command-login
2019-10-05 00:36:14.321 [qtp24057252-21] INFO  by.training.final.ServletLogger - username-Eve, role-user, command-setlimitorder
2019-10-05 00:36:14.444 [qtp24057252-21] INFO  by.training.final.ServletLogger - username-Eve, role-user, command-setlimitorder
2019-10-05 00:37:37.094 [qtp1418481959-24] INFO  by.training.final.ServletLogger - username-unknown, role-unknown, command-login
2019-10-05 00:37:44.068 [qtp1418481959-28] INFO  by.training.final.ServletLogger - username-Eve, role-user, command-setlimitorder
2019-10-05 00:37:44.186 [qtp1418481959-28] INFO  by.training.final.ServletLogger - username-Eve, role-user, command-setlimitorder
2019-10-05 00:38:50.765 [qtp1680709407-21] INFO  by.training.final.ServletLogger - username-unknown, role-unknown, command-login
2019-10-05 00:38:58.443 [qtp1680709407-14] INFO  by.training.final.ServletLogger - username-Eve, role-user, command-setlimitorder
2019-10-05 00:38:58.563 [qtp1680709407-14] INFO  by.training.final.ServletLogger - username-Eve, role-user, command-setlimitorder
2019-10-05 00:40:04.657 [qtp1853939333-15] INFO  by.training.final.ServletLogger - username-unknown, role-unknown, command-login
2019-10-05 00:40:14.241 [qtp1853939333-28] INFO  by.training.final.ServletLogger - username-Eve, role-user, command-setlimitorder
2019-10-05 00:40:14.280 [qtp1853939333-28] INFO  by.training.final.ServletLogger - username-Eve, role-user, command-setlimitorder
2019-10-05 00:41:59.681 [qtp507571639-21] INFO  by.training.final.ServletLogger - username-unknown, role-unknown, command-login
2019-10-05 00:42:05.719 [qtp507571639-19] INFO  by.training.final.ServletLogger - username-Eve, role-user, command-setlimitorder
2019-10-05 00:42:05.847 [qtp507571639-19] INFO  by.training.final.ServletLogger - username-Eve, role-user, command-setlimitorder
2019-10-05 00:44:10.744 [qtp786032027-20] INFO  by.training.final.ServletLogger - username-unknown, role-unknown, command-login
2019-10-05 00:44:22.434 [qtp786032027-22] INFO  by.training.final.ServletLogger - username-Eve, role-user, command-setlimitorder
2019-10-05 00:44:22.479 [qtp786032027-22] INFO  by.training.final.ServletLogger - username-Eve, role-user, command-setlimitorder
2019-10-05 09:28:05.592 [qtp496145890-19] INFO  by.training.final.ServletLogger - username-unknown, role-unknown, command-login
2019-10-05 09:28:18.477 [qtp496145890-31] INFO  by.training.final.ServletLogger - username-Eve, role-user, command-setlimitorder
2019-10-05 09:28:18.548 [qtp496145890-31] INFO  by.training.final.ServletLogger - username-Eve, role-user, command-setlimitorder
2019-10-05 09:29:44.868 [qtp1265667094-30] INFO  by.training.final.ServletLogger - username-unknown, role-unknown, command-login
2019-10-05 09:30:23.185 [qtp1265667094-34] INFO  by.training.final.ServletLogger - username-Eve, role-user, command-setlimitorder
2019-10-05 09:30:26.468 [qtp1265667094-34] INFO  by.training.final.ServletLogger - username-Eve, role-user, command-setlimitorder
2019-10-05 09:31:41.208 [qtp333523638-33] INFO  by.training.final.ServletLogger - username-unknown, role-unknown, command-login
2019-10-05 09:31:50.577 [qtp333523638-21] INFO  by.training.final.ServletLogger - username-Eve, role-user, command-setlimitorder
2019-10-05 09:31:50.620 [qtp333523638-21] INFO  by.training.final.ServletLogger - username-Eve, role-user, command-setlimitorder
2019-10-05 09:34:10.897 [qtp583275803-32] INFO  by.training.final.ServletLogger - username-unknown, role-unknown, command-login
2019-10-05 09:35:08.231 [qtp583275803-31] INFO  by.training.final.ServletLogger - username-unknown, role-unknown, command-setlimitorder
2019-10-05 09:35:08.304 [qtp583275803-31] INFO  by.training.final.ServletLogger - username-unknown, role-unknown, command-setlimitorder
2019-10-05 09:36:02.663 [qtp583275803-16] INFO  by.training.final.ServletLogger - username-unknown, role-unknown, command-login
2019-10-05 09:36:10.012 [qtp583275803-16] INFO  by.training.final.ServletLogger - username-Eve, role-user, command-setlimitorder
2019-10-05 09:36:10.060 [qtp583275803-16] INFO  by.training.final.ServletLogger - username-Eve, role-user, command-setlimitorder
2019-10-05 09:36:37.677 [qtp583275803-23] INFO  by.training.final.ServletLogger - username-unknown, role-unknown, command-login
2019-10-05 09:36:47.497 [qtp583275803-34] INFO  by.training.final.ServletLogger - username-Eve, role-user, command-setlimitorder
2019-10-05 09:36:47.530 [qtp583275803-34] INFO  by.training.final.ServletLogger - username-Eve, role-user, command-setlimitorder
2019-10-05 09:37:30.393 [qtp583275803-20] INFO  by.training.final.ServletLogger - username-unknown, role-unknown, command-login
2019-10-05 09:37:39.522 [qtp583275803-23] INFO  by.training.final.ServletLogger - username-Eve, role-user, command-setlimitorder
2019-10-05 09:37:39.587 [qtp583275803-23] INFO  by.training.final.ServletLogger - username-Eve, role-user, command-setlimitorder
2019-10-05 09:38:41.247 [qtp476410890-25] INFO  by.training.final.ServletLogger - username-unknown, role-unknown, command-login
2019-10-05 09:41:27.008 [qtp476410890-16] INFO  by.training.final.ServletLogger - username-unknown, role-unknown, command-login
2019-10-05 09:42:15.207 [qtp476410890-22] INFO  by.training.final.ServletLogger - username-Eve, role-user, command-setlimitorder
2019-10-05 09:42:18.523 [qtp476410890-22] INFO  by.training.final.ServletLogger - username-Eve, role-user, command-setlimitorder
2019-10-05 09:51:50.454 [qtp1265667094-21] INFO  by.training.final.ServletLogger - username-unknown, role-unknown, command-login
2019-10-05 09:52:32.134 [qtp1265667094-20] INFO  by.training.final.ServletLogger - username-Eve, role-user, command-setlimitorder
2019-10-05 09:52:35.255 [qtp1265667094-20] INFO  by.training.final.ServletLogger - username-Eve, role-user, command-setlimitorder
2019-10-05 09:55:45.216 [qtp1601350381-25] INFO  by.training.final.ServletLogger - username-unknown, role-unknown, command-login
2019-10-05 09:56:39.347 [qtp1601350381-16] INFO  by.training.final.ServletLogger - username-Eve, role-user, command-setlimitorder
2019-10-05 09:56:42.697 [qtp1601350381-16] INFO  by.training.final.ServletLogger - username-Eve, role-user, command-setlimitorder
2019-10-05 09:58:39.172 [qtp1558201827-34] INFO  by.training.final.ServletLogger - username-unknown, role-unknown, command-login
2019-10-05 09:58:51.304 [qtp1558201827-33] INFO  by.training.final.ServletLogger - username-Eve, role-user, command-setlimitorder
2019-10-05 10:02:45.289 [qtp673974417-31] INFO  by.training.final.ServletLogger - username-unknown, role-unknown, command-login
2019-10-05 10:03:03.625 [qtp673974417-33] INFO  by.training.final.ServletLogger - username-Eve, role-user, command-setlimitorder
2019-10-05 10:09:13.230 [qtp1068859546-31] INFO  by.training.final.ServletLogger - username-unknown, role-unknown, command-login
2019-10-05 10:09:27.588 [qtp1068859546-29] INFO  by.training.final.ServletLogger - username-Eve, role-user, command-setlimitorder
2019-10-05 10:09:27.713 [qtp1068859546-29] INFO  by.training.final.ServletLogger - username-Eve, role-user, command-setlimitorder
2019-10-05 10:14:16.103 [qtp431942497-33] INFO  by.training.final.ServletLogger - username-unknown, role-unknown, command-login
2019-10-05 10:14:16.451 [qtp431942497-20] INFO  by.training.final.ServletLogger - username-unknown, role-unknown, command-login
2019-10-05 10:15:39.605 [qtp431942497-21] INFO  by.training.final.ServletLogger - username-unknown, role-unknown, command-setlimitorder
2019-10-05 10:15:39.673 [qtp431942497-21] INFO  by.training.final.ServletLogger - username-unknown, role-unknown, command-setlimitorder
2019-10-05 10:17:41.483 [qtp2026062163-31] INFO  by.training.final.ServletLogger - username-unknown, role-unknown, command-login
2019-10-05 10:17:50.972 [qtp2026062163-31] INFO  by.training.final.ServletLogger - username-Eve, role-user, command-setlimitorder
2019-10-05 10:18:34.897 [qtp2026062163-33] INFO  by.training.final.ServletLogger - username-Eve, role-user, command-settypeoforder
2019-10-05 10:18:36.272 [qtp2026062163-31] INFO  by.training.final.ServletLogger - username-Eve, role-user, command-settypeoforder
2019-10-05 10:18:56.949 [qtp2026062163-17] INFO  by.training.final.ServletLogger - username-Eve, role-user, command-setlimitorder
2019-10-05 10:20:47.136 [qtp2026062163-23] INFO  by.training.final.ServletLogger - username-Eve, role-user, command-setlimitorder
2019-10-05 10:21:07.006 [qtp2026062163-17] INFO  by.training.final.ServletLogger - username-Eve, role-user, command-setlimitorder
2019-10-05 10:24:21.547 [qtp1163480574-20] INFO  by.training.final.ServletLogger - username-unknown, role-unknown, command-login
2019-10-05 10:24:47.654 [qtp1163480574-21] INFO  by.training.final.ServletLogger - username-Eve, role-user, command-setlimitorder
2019-10-05 10:24:47.789 [qtp1163480574-21] INFO  by.training.final.ServletLogger - username-Eve, role-user, command-setlimitorder
2019-10-05 11:43:18.473 [qtp268468188-23] INFO  by.training.final.ServletLogger - username-unknown, role-unknown, command-login
2019-10-05 11:44:59.252 [qtp268468188-33] INFO  by.training.final.ServletLogger - username-unknown, role-unknown, command-login
2019-10-05 11:46:14.979 [qtp268468188-22] INFO  by.training.final.ServletLogger - username-unknown, role-unknown, command-login
2019-10-05 11:47:19.515 [qtp268468188-22] INFO  by.training.final.ServletLogger - username-unknown, role-unknown, command-login
2019-10-05 11:48:23.227 [qtp268468188-19] INFO  by.training.final.ServletLogger - username-unknown, role-unknown, command-login
2019-10-05 12:02:50.499 [qtp2026062163-22] INFO  by.training.final.ServletLogger - username-unknown, role-unknown, command-login
2019-10-05 12:04:56.117 [qtp268468188-17] INFO  by.training.final.ServletLogger - username-unknown, role-unknown, command-login
2019-10-05 12:07:47.764 [qtp268468188-34] INFO  by.training.final.ServletLogger - username-unknown, role-unknown, command-login
2019-10-05 12:11:47.784 [qtp268468188-19] INFO  by.training.final.ServletLogger - username-unknown, role-unknown, command-login
2019-10-05 12:11:56.695 [qtp268468188-26] INFO  by.training.final.ServletLogger - username-Eve, role-user, command-tomarket
2019-10-05 12:11:58.015 [qtp268468188-34] INFO  by.training.final.ServletLogger - username-Eve, role-user, command-tomarket
2019-10-05 12:11:58.975 [qtp268468188-30] INFO  by.training.final.ServletLogger - username-Eve, role-user, command-tomarket
2019-10-05 12:11:59.923 [qtp268468188-34] INFO  by.training.final.ServletLogger - username-Eve, role-user, command-tomarket
2019-10-05 12:12:01.288 [qtp268468188-19] INFO  by.training.final.ServletLogger - username-Eve, role-user, command-setlimitorder
2019-10-05 12:12:02.746 [qtp268468188-18] INFO  by.training.final.ServletLogger - username-Eve, role-user, command-setlimitorder
2019-10-05 12:12:04.963 [qtp268468188-19] INFO  by.training.final.ServletLogger - username-Eve, role-user, command-settypeoforder
2019-10-05 12:12:05.724 [qtp268468188-36] INFO  by.training.final.ServletLogger - username-Eve, role-user, command-executemarketorder
2019-10-05 12:12:06.648 [qtp268468188-36] INFO  by.training.final.ServletLogger - username-Eve, role-user, command-executemarketorder
2019-10-05 12:12:21.794 [qtp268468188-26] INFO  by.training.final.ServletLogger - username-Eve, role-user, command-logout
2019-10-05 12:14:11.148 [qtp268468188-20] INFO  by.training.final.ServletLogger - username-unknown, role-unknown, command-login
2019-10-05 12:20:50.284 [qtp268468188-22] INFO  by.training.final.ServletLogger - username-unknown, role-unknown, command-login
2019-10-05 12:20:53.633 [qtp268468188-20] INFO  by.training.final.ServletLogger - username-Eve, role-user, command-towallet
2019-10-05 12:26:51.433 [qtp268468188-30] INFO  by.training.final.ServletLogger - username-unknown, role-unknown, command-login
2019-10-05 12:26:55.409 [qtp268468188-32] INFO  by.training.final.ServletLogger - username-Eve, role-user, command-towallet
2019-10-05 12:30:46.271 [qtp219416103-25] INFO  by.training.final.ServletLogger - username-unknown, role-unknown, command-login
2019-10-05 12:30:49.361 [qtp219416103-16] INFO  by.training.final.ServletLogger - username-Eve, role-user, command-towallet
2019-10-05 12:32:42.037 [qtp268468188-19] INFO  by.training.final.ServletLogger - username-unknown, role-unknown, command-login
2019-10-05 12:32:45.501 [qtp268468188-25] INFO  by.training.final.ServletLogger - username-Eve, role-user, command-towallet
2019-10-05 12:39:03.983 [qtp268468188-21] INFO  by.training.final.ServletLogger - username-unknown, role-unknown, command-login
2019-10-05 12:39:09.063 [qtp268468188-16] INFO  by.training.final.ServletLogger - username-Eve, role-user, command-towallet
2019-10-05 12:45:48.402 [qtp268468188-17] INFO  by.training.final.ServletLogger - username-unknown, role-unknown, command-login
2019-10-05 12:45:52.575 [qtp268468188-17] INFO  by.training.final.ServletLogger - username-Eve, role-user, command-towallet
2019-10-05 12:45:54.282 [qtp268468188-29] INFO  by.training.final.ServletLogger - username-Eve, role-user, command-todeposit 
2019-10-05 12:47:45.616 [qtp268468188-25] INFO  by.training.final.ServletLogger - username-unknown, role-unknown, command-login
2019-10-05 12:47:48.677 [qtp268468188-19] INFO  by.training.final.ServletLogger - username-Eve, role-user, command-towallet
2019-10-05 12:47:51.612 [qtp268468188-31] INFO  by.training.final.ServletLogger - username-Eve, role-user, command-todeposit 
2019-10-05 12:53:26.383 [qtp268468188-46] INFO  by.training.final.ServletLogger - username-unknown, role-unknown, command-login
2019-10-05 12:53:29.723 [qtp268468188-47] INFO  by.training.final.ServletLogger - username-Eve, role-user, command-towallet
2019-10-05 12:53:31.930 [qtp268468188-33] INFO  by.training.final.ServletLogger - username-Eve, role-user, command-todeposit 
2019-10-05 12:54:09.800 [qtp268468188-47] INFO  by.training.final.ServletLogger - username-Eve, role-user, command-todeposit 
2019-10-05 12:55:41.591 [qtp268468188-16] INFO  by.training.final.ServletLogger - username-unknown, role-unknown, command-login
2019-10-05 12:55:45.732 [qtp268468188-22] INFO  by.training.final.ServletLogger - username-Eve, role-user, command-towallet
2019-10-05 12:55:47.067 [qtp268468188-31] INFO  by.training.final.ServletLogger - username-Eve, role-user, command-todeposit 
2019-10-05 12:57:51.870 [qtp268468188-21] INFO  by.training.final.ServletLogger - username-unknown, role-unknown, command-login
2019-10-05 12:57:55.315 [qtp268468188-21] INFO  by.training.final.ServletLogger - username-Eve, role-user, command-towallet
2019-10-05 12:57:56.981 [qtp268468188-17] INFO  by.training.final.ServletLogger - username-Eve, role-user, command-todeposit 
2019-10-05 12:59:06.259 [qtp268468188-19] INFO  by.training.final.ServletLogger - username-unknown, role-unknown, command-login
2019-10-05 12:59:09.129 [qtp268468188-30] INFO  by.training.final.ServletLogger - username-Eve, role-user, command-towallet
2019-10-05 12:59:10.204 [qtp268468188-24] INFO  by.training.final.ServletLogger - username-Eve, role-user, command-todeposit 
2019-10-05 12:59:54.589 [qtp268468188-25] INFO  by.training.final.ServletLogger - username-unknown, role-unknown, command-login
2019-10-05 12:59:57.927 [qtp268468188-31] INFO  by.training.final.ServletLogger - username-Eve, role-user, command-towallet
2019-10-05 12:59:59.294 [qtp268468188-17] INFO  by.training.final.ServletLogger - username-Eve, role-user, command-todeposit 
2019-10-05 13:01:56.691 [qtp268468188-17] INFO  by.training.final.ServletLogger - username-unknown, role-unknown, command-login
2019-10-05 13:01:59.801 [qtp268468188-25] INFO  by.training.final.ServletLogger - username-Eve, role-user, command-towallet
2019-10-05 13:02:01.019 [qtp268468188-22] INFO  by.training.final.ServletLogger - username-Eve, role-user, command-todeposit 
2019-10-05 13:04:05.550 [qtp268468188-21] INFO  by.training.final.ServletLogger - username-unknown, role-unknown, command-login
2019-10-05 13:04:12.294 [qtp268468188-25] INFO  by.training.final.ServletLogger - username-Eve, role-user, command-towallet
2019-10-05 13:04:13.906 [qtp268468188-21] INFO  by.training.final.ServletLogger - username-Eve, role-user, command-todeposit 
2019-10-05 13:04:15.615 [qtp268468188-35] INFO  by.training.final.ServletLogger - username-Eve, role-user, command-deposit
2019-10-05 13:05:15.283 [qtp268468188-22] INFO  by.training.final.ServletLogger - username-unknown, role-unknown, command-login
2019-10-05 13:05:18.312 [qtp268468188-22] INFO  by.training.final.ServletLogger - username-Eve, role-user, command-towallet
2019-10-05 13:05:19.539 [qtp268468188-31] INFO  by.training.final.ServletLogger - username-Eve, role-user, command-todeposit 
2019-10-05 13:05:20.778 [qtp268468188-17] INFO  by.training.final.ServletLogger - username-Eve, role-user, command-deposit
2019-10-05 13:05:26.575 [qtp268468188-24] INFO  by.training.final.ServletLogger - username-Eve, role-user, command-logout
2019-10-05 13:05:28.373 [qtp268468188-31] INFO  by.training.final.ServletLogger - username-unknown, role-unknown, command-changelanguage
2019-10-05 13:05:31.499 [qtp268468188-24] INFO  by.training.final.ServletLogger - username-unknown, role-unknown, command-login
2019-10-05 13:05:33.528 [qtp268468188-30] INFO  by.training.final.ServletLogger - username-Eve, role-user, command-towallet
2019-10-05 13:05:34.707 [qtp268468188-16] INFO  by.training.final.ServletLogger - username-Eve, role-user, command-todeposit 
2019-10-05 13:05:35.884 [qtp268468188-23] INFO  by.training.final.ServletLogger - username-Eve, role-user, command-deposit
2019-10-05 13:05:42.870 [qtp268468188-24] INFO  by.training.final.ServletLogger - username-Eve, role-user, command-logout
2019-10-05 13:09:35.598 [qtp268468188-24] INFO  by.training.final.ServletLogger - username-unknown, role-unknown, command-login
2019-10-05 13:09:39.076 [qtp268468188-18] INFO  by.training.final.ServletLogger - username-Eve, role-user, command-towallet
2019-10-05 13:09:44.625 [qtp268468188-24] INFO  by.training.final.ServletLogger - username-Eve, role-user, command-towithdraw 
2019-10-05 13:09:46.521 [qtp268468188-17] INFO  by.training.final.ServletLogger - username-Eve, role-user, command-withdraw
2019-10-05 13:09:52.130 [qtp268468188-31] INFO  by.training.final.ServletLogger - username-Eve, role-user, command-withdraw
2019-10-05 13:09:55.786 [qtp268468188-34] INFO  by.training.final.ServletLogger - username-Eve, role-user, command-towallet
2019-10-05 13:10:04.011 [qtp268468188-24] INFO  by.training.final.ServletLogger - username-Eve, role-user, command-towithdraw 
2019-10-05 13:10:05.664 [qtp268468188-17] INFO  by.training.final.ServletLogger - username-Eve, role-user, command-withdraw
2019-10-05 13:10:11.934 [qtp268468188-18] INFO  by.training.final.ServletLogger - username-Eve, role-user, command-withdraw
2019-10-05 13:10:18.555 [qtp268468188-17] INFO  by.training.final.ServletLogger - username-Eve, role-user, command-towallet
2019-10-05 13:10:29.796 [qtp268468188-28] INFO  by.training.final.ServletLogger - username-Eve, role-user, command-towithdraw 
2019-10-05 13:10:31.400 [qtp268468188-16] INFO  by.training.final.ServletLogger - username-Eve, role-user, command-withdraw
2019-10-05 13:10:39.493 [qtp268468188-17] INFO  by.training.final.ServletLogger - username-Eve, role-user, command-towallet
2019-10-05 13:12:58.078 [qtp268468188-24] INFO  by.training.final.ServletLogger - username-unknown, role-unknown, command-towithdraw 
2019-10-05 13:13:08.822 [qtp268468188-17] INFO  by.training.final.ServletLogger - username-unknown, role-unknown, command-login
2019-10-05 13:13:12.415 [qtp268468188-31] INFO  by.training.final.ServletLogger - username-Eve, role-user, command-towallet
2019-10-05 13:13:14.692 [qtp268468188-24] INFO  by.training.final.ServletLogger - username-Eve, role-user, command-towithdraw 
2019-10-05 13:13:18.764 [qtp268468188-31] INFO  by.training.final.ServletLogger - username-Eve, role-user, command-withdraw
2019-10-05 13:13:24.326 [qtp268468188-17] INFO  by.training.final.ServletLogger - username-Eve, role-user, command-withdraw
2019-10-05 13:13:30.343 [qtp268468188-39] INFO  by.training.final.ServletLogger - username-Eve, role-user, command-towallet
2019-10-05 13:14:32.701 [qtp218007578-29] INFO  by.training.final.ServletLogger - username-unknown, role-unknown, command-login
2019-10-05 13:14:35.762 [qtp218007578-33] INFO  by.training.final.ServletLogger - username-Eve, role-user, command-towallet
2019-10-05 13:14:38.803 [qtp218007578-16] INFO  by.training.final.ServletLogger - username-Eve, role-user, command-towithdraw 
2019-10-05 13:14:41.852 [qtp218007578-29] INFO  by.training.final.ServletLogger - username-Eve, role-user, command-withdraw
2019-10-05 13:18:08.269 [qtp219416103-29] INFO  by.training.final.ServletLogger - username-unknown, role-unknown, command-login
2019-10-05 13:18:11.361 [qtp219416103-20] INFO  by.training.final.ServletLogger - username-Eve, role-user, command-logout
2019-10-05 13:18:14.474 [qtp219416103-18] INFO  by.training.final.ServletLogger - username-unknown, role-unknown, command-login
2019-10-05 13:18:15.838 [qtp219416103-30] INFO  by.training.final.ServletLogger - username-Bob, role-sec, command-togglepair
2019-10-05 13:18:21.722 [qtp219416103-28] INFO  by.training.final.ServletLogger - username-Bob, role-sec, command-togglepair
2019-10-05 13:18:24.930 [qtp219416103-29] INFO  by.training.final.ServletLogger - username-Bob, role-sec, command-togglepair
2019-10-05 13:18:26.534 [qtp219416103-27] INFO  by.training.final.ServletLogger - username-Bob, role-sec, command-togglepair
2019-10-05 13:18:28.315 [qtp219416103-20] INFO  by.training.final.ServletLogger - username-Bob, role-sec, command-logout
2019-10-05 13:18:32.700 [qtp219416103-24] INFO  by.training.final.ServletLogger - username-unknown, role-unknown, command-login
2019-10-05 13:18:36.219 [qtp219416103-27] INFO  by.training.final.ServletLogger - username-Eve, role-user, command-towallet
2019-10-05 13:18:40.700 [qtp219416103-28] INFO  by.training.final.ServletLogger - username-Eve, role-user, command-towithdraw 
2019-10-05 13:18:44.800 [qtp219416103-18] INFO  by.training.final.ServletLogger - username-Eve, role-user, command-withdraw
2019-10-05 13:20:20.595 [qtp351345238-22] INFO  by.training.final.ServletLogger - username-unknown, role-unknown, command-login
2019-10-05 13:20:24.228 [qtp351345238-20] INFO  by.training.final.ServletLogger - username-Bob, role-sec, command-togglepair
2019-10-05 13:20:28.236 [qtp351345238-17] INFO  by.training.final.ServletLogger - username-Bob, role-sec, command-togglepair
2019-10-05 13:20:32.195 [qtp351345238-23] INFO  by.training.final.ServletLogger - username-Bob, role-sec, command-logout
2019-10-05 13:20:39.182 [qtp351345238-33] INFO  by.training.final.ServletLogger - username-unknown, role-unknown, command-login
2019-10-05 13:20:40.777 [qtp351345238-23] INFO  by.training.final.ServletLogger - username-Eve, role-user, command-towallet
2019-10-05 13:20:43.347 [qtp351345238-30] INFO  by.training.final.ServletLogger - username-Eve, role-user, command-towithdraw 
2019-10-05 13:20:46.087 [qtp351345238-20] INFO  by.training.final.ServletLogger - username-Eve, role-user, command-withdraw
2019-10-05 13:24:06.856 [qtp1298529197-25] INFO  by.training.final.ServletLogger - username-unknown, role-unknown, command-login
2019-10-05 13:24:10.177 [qtp1298529197-17] INFO  by.training.final.ServletLogger - username-Eve, role-user, command-towallet
2019-10-05 13:24:11.584 [qtp1298529197-31] INFO  by.training.final.ServletLogger - username-Eve, role-user, command-towithdraw 
2019-10-05 13:24:19.243 [qtp1298529197-17] INFO  by.training.final.ServletLogger - username-Eve, role-user, command-towallet
2019-10-05 13:24:22.850 [qtp1298529197-24] INFO  by.training.final.ServletLogger - username-Eve, role-user, command-towithdraw 
2019-10-05 13:24:27.776 [qtp1298529197-25] INFO  by.training.final.ServletLogger - username-Eve, role-user, command-withdraw
2019-10-05 13:24:30.534 [qtp1298529197-22] INFO  by.training.final.ServletLogger - username-Eve, role-user, command-towithdraw 
2019-10-05 13:24:32.387 [qtp1298529197-19] INFO  by.training.final.ServletLogger - username-Eve, role-user, command-withdraw
2019-10-05 13:24:35.254 [qtp1298529197-22] INFO  by.training.final.ServletLogger - username-Eve, role-user, command-todeposit 
2019-10-05 13:24:37.481 [qtp1298529197-19] INFO  by.training.final.ServletLogger - username-Eve, role-user, command-deposit
2019-10-05 13:28:49.020 [qtp423580937-23] INFO  by.training.final.ServletLogger - username-unknown, role-unknown, command-toregistration
2019-10-05 13:28:58.495 [qtp423580937-19] INFO  by.training.final.ServletLogger - username-unknown, role-unknown, command-registration
2019-10-05 13:29:00.178 [qtp423580937-19] INFO  by.training.final.ServletLogger - username-unknown, role-unknown, command-registration
2019-10-05 13:37:26.305 [qtp2136601828-29] INFO  by.training.final.ServletLogger - username-unknown, role-unknown, command-toregistration
2019-10-05 13:37:32.866 [qtp2136601828-18] INFO  by.training.final.ServletLogger - username-unknown, role-unknown, command-registration
2019-10-05 13:41:59.526 [qtp1979021778-33] INFO  by.training.final.ServletLogger - username-unknown, role-unknown, command-login
2019-10-05 13:42:03.718 [qtp1979021778-18] INFO  by.training.final.ServletLogger - username-Eve, role-user, command-towallet
2019-10-05 13:43:57.027 [qtp1979021778-29] INFO  by.training.final.ServletLogger - username-unknown, role-unknown, command-login
2019-10-05 13:44:00.397 [qtp1979021778-21] INFO  by.training.final.ServletLogger - username-Eve, role-user, command-towallet
2019-10-05 13:46:13.383 [qtp1979021778-29] INFO  by.training.final.ServletLogger - username-unknown, role-unknown, command-toregistration
2019-10-05 13:46:14.070 [qtp1979021778-30] INFO  by.training.final.ServletLogger - username-unknown, role-unknown, command-registration
2019-10-05 13:46:21.452 [qtp1979021778-24] INFO  by.training.final.ServletLogger - username-unknown, role-unknown, command-login
2019-10-05 13:46:25.253 [qtp1979021778-34] INFO  by.training.final.ServletLogger - username-Eve, role-user, command-towallet
2019-10-05 13:47:52.573 [qtp2136601828-22] INFO  by.training.final.ServletLogger - username-unknown, role-unknown, command-login
2019-10-05 13:47:58.158 [qtp2136601828-18] INFO  by.training.final.ServletLogger - username-Eve, role-user, command-towallet
2019-10-05 13:48:34.477 [qtp1979021778-24] INFO  by.training.final.ServletLogger - username-unknown, role-unknown, command-login
2019-10-05 13:48:40.025 [qtp1979021778-16] INFO  by.training.final.ServletLogger - username-Eve, role-user, command-towallet
2019-10-05 13:59:37.616 [qtp1979021778-25] INFO  by.training.final.ServletLogger - username-unknown, role-unknown, command-login
2019-10-05 13:59:41.207 [qtp1979021778-28] INFO  by.training.final.ServletLogger - username-Eve, role-user, command-towallet
2019-10-05 14:00:54.608 [qtp2136601828-30] INFO  by.training.final.ServletLogger - username-unknown, role-unknown, command-login
2019-10-05 14:00:57.388 [qtp2136601828-31] INFO  by.training.final.ServletLogger - username-Eve, role-user, command-towallet
2019-10-05 14:03:07.007 [qtp1979021778-36] INFO  by.training.final.ServletLogger - username-unknown, role-unknown, command-login
2019-10-05 14:03:10.224 [qtp1979021778-17] INFO  by.training.final.ServletLogger - username-Eve, role-user, command-towallet
2019-10-05 14:03:53.603 [qtp1979021778-23] INFO  by.training.final.ServletLogger - username-unknown, role-unknown, command-login
2019-10-05 14:03:56.466 [qtp1979021778-16] INFO  by.training.final.ServletLogger - username-Eve, role-user, command-towallet
2019-10-05 14:07:43.120 [qtp2136601828-16] INFO  by.training.final.ServletLogger - username-unknown, role-unknown, command-login
2019-10-05 14:07:46.291 [qtp2136601828-31] INFO  by.training.final.ServletLogger - username-Eve, role-user, command-towallet
2019-10-05 14:08:56.695 [qtp1979021778-17] INFO  by.training.final.ServletLogger - username-unknown, role-unknown, command-login
2019-10-05 14:08:57.046 [qtp1979021778-31] INFO  by.training.final.ServletLogger - username-unknown, role-unknown, command-login
2019-10-05 14:08:59.903 [qtp1979021778-24] INFO  by.training.final.ServletLogger - username-Eve, role-user, command-towallet
2019-10-05 14:11:03.107 [qtp1979021778-19] INFO  by.training.final.ServletLogger - username-unknown, role-unknown, command-login
2019-10-05 14:11:06.357 [qtp1979021778-26] INFO  by.training.final.ServletLogger - username-Eve, role-user, command-towallet
2019-10-05 14:11:10.616 [qtp1979021778-24] INFO  by.training.final.ServletLogger - username-Eve, role-user, command-rejectransaction
2019-10-05 14:11:10.627 [qtp1979021778-24] INFO  by.training.final.ServletLogger - username-Eve, role-user, command-rejectransaction
2019-10-05 14:16:32.808 [qtp645766336-30] INFO  by.training.final.ServletLogger - username-unknown, role-unknown, command-login
2019-10-05 14:16:36.565 [qtp645766336-21] INFO  by.training.final.ServletLogger - username-Eve, role-user, command-towallet
2019-10-05 14:16:43.549 [qtp645766336-20] INFO  by.training.final.ServletLogger - username-Eve, role-user, command-rejectransaction
2019-10-05 14:16:43.560 [qtp645766336-20] INFO  by.training.final.ServletLogger - username-Eve, role-user, command-rejectransaction
2019-10-05 14:18:02.693 [qtp1276381970-29] INFO  by.training.final.ServletLogger - username-unknown, role-unknown, command-login
2019-10-05 14:18:05.814 [qtp1276381970-16] INFO  by.training.final.ServletLogger - username-Eve, role-user, command-towallet
2019-10-05 14:18:07.145 [qtp1276381970-17] INFO  by.training.final.ServletLogger - username-Eve, role-user, command-rejectransaction
2019-10-05 14:18:07.159 [qtp1276381970-17] INFO  by.training.final.ServletLogger - username-Eve, role-user, command-rejectransaction
2019-10-05 14:19:51.758 [qtp804429974-22] INFO  by.training.final.ServletLogger - username-unknown, role-unknown, command-login
2019-10-05 14:19:54.963 [qtp804429974-19] INFO  by.training.final.ServletLogger - username-Eve, role-user, command-towallet
2019-10-05 14:19:56.549 [qtp804429974-19] INFO  by.training.final.ServletLogger - username-Eve, role-user, command-rejectransaction
2019-10-05 14:19:56.562 [qtp804429974-19] INFO  by.training.final.ServletLogger - username-Eve, role-user, command-rejectransaction
2019-10-05 14:21:15.433 [qtp804429974-34] INFO  by.training.final.ServletLogger - username-unknown, role-unknown, command-login
2019-10-05 14:21:18.127 [qtp804429974-35] INFO  by.training.final.ServletLogger - username-Eve, role-user, command-towallet
2019-10-05 14:21:21.188 [qtp804429974-29] INFO  by.training.final.ServletLogger - username-Eve, role-user, command-rejectransaction
2019-10-05 14:21:21.199 [qtp804429974-29] INFO  by.training.final.ServletLogger - username-Eve, role-user, command-rejectransaction
2019-10-05 14:36:31.874 [qtp1157159044-31] INFO  by.training.final.ServletLogger - username-unknown, role-unknown, command-login
2019-10-05 14:36:42.881 [qtp1157159044-17] INFO  by.training.final.ServletLogger - username-Eve, role-user, command-settypeoforder
2019-10-05 14:36:44.110 [qtp1157159044-22] INFO  by.training.final.ServletLogger - username-Eve, role-user, command-settypeoforder
2019-10-05 14:36:45.634 [qtp1157159044-19] INFO  by.training.final.ServletLogger - username-Eve, role-user, command-tomarket
2019-10-05 14:36:46.717 [qtp1157159044-36] INFO  by.training.final.ServletLogger - username-Eve, role-user, command-tomarket
2019-10-05 14:36:47.936 [qtp1157159044-22] INFO  by.training.final.ServletLogger - username-Eve, role-user, command-tomarket
2019-10-05 14:36:48.925 [qtp1157159044-21] INFO  by.training.final.ServletLogger - username-Eve, role-user, command-tomarket
2019-10-05 14:36:50.651 [qtp1157159044-17] INFO  by.training.final.ServletLogger - username-Eve, role-user, command-towallet
2019-10-05 14:36:53.756 [qtp1157159044-31] INFO  by.training.final.ServletLogger - username-Eve, role-user, command-rejectransaction
2019-10-05 14:36:54.786 [qtp1157159044-17] INFO  by.training.final.ServletLogger - username-Eve, role-user, command-rejectransaction
2019-10-05 14:36:55.963 [qtp1157159044-19] INFO  by.training.final.ServletLogger - username-Eve, role-user, command-rejectransaction
2019-10-05 14:36:59.646 [qtp1157159044-21] INFO  by.training.final.ServletLogger - username-Eve, role-user, command-rejectransaction
2019-10-05 14:37:18.491 [qtp1157159044-31] INFO  by.training.final.ServletLogger - username-Eve, role-user, command-todeposit 
2019-10-05 14:37:24.334 [qtp1157159044-17] INFO  by.training.final.ServletLogger - username-Eve, role-user, command-deposit
2019-10-05 14:37:37.128 [qtp1157159044-21] INFO  by.training.final.ServletLogger - username-Eve, role-user, command-towallet
2019-10-05 14:37:39.624 [qtp1157159044-22] INFO  by.training.final.ServletLogger - username-Eve, role-user, command-tomarket
2019-10-05 14:38:06.483 [qtp1157159044-17] INFO  by.training.final.ServletLogger - username-Eve, role-user, command-tomarket
2019-10-05 14:38:08.224 [qtp1157159044-36] INFO  by.training.final.ServletLogger - username-Eve, role-user, command-tomarket
2019-10-05 14:38:10.505 [qtp1157159044-23] INFO  by.training.final.ServletLogger - username-Eve, role-user, command-tomarket
2019-10-05 14:49:23.153 [qtp1157159044-31] INFO  by.training.final.ServletLogger - username-unknown, role-unknown, command-login
2019-10-05 14:49:28.432 [qtp1157159044-33] INFO  by.training.final.ServletLogger - username-Eve, role-user, command-towallet
2019-10-05 14:49:30.096 [qtp1157159044-19] INFO  by.training.final.ServletLogger - username-Eve, role-user, command-toorders
2019-10-05 14:50:17.346 [qtp2136601828-27] INFO  by.training.final.ServletLogger - username-unknown, role-unknown, command-login
2019-10-05 14:50:21.123 [qtp2136601828-24] INFO  by.training.final.ServletLogger - username-Eve, role-user, command-toorders
2019-10-05 14:51:19.199 [qtp2136601828-17] INFO  by.training.final.ServletLogger - username-unknown, role-unknown, command-login
2019-10-05 14:51:23.621 [qtp2136601828-16] INFO  by.training.final.ServletLogger - username-Eve, role-user, command-toorders
2019-10-05 14:51:32.497 [qtp2136601828-23] INFO  by.training.final.ServletLogger - username-Eve, role-user, command-towallet
2019-10-05 14:51:33.729 [qtp2136601828-26] INFO  by.training.final.ServletLogger - username-Eve, role-user, command-toorders
2019-10-05 14:54:43.972 [qtp2136601828-25] INFO  by.training.final.ServletLogger - username-unknown, role-unknown, command-login
2019-10-05 14:54:47.501 [qtp2136601828-19] INFO  by.training.final.ServletLogger - username-Eve, role-user, command-toorders
2019-10-05 14:55:01.986 [qtp2136601828-17] INFO  by.training.final.ServletLogger - username-Eve, role-user, command-towallet
2019-10-05 14:55:04.120 [qtp2136601828-36] INFO  by.training.final.ServletLogger - username-Eve, role-user, command-toorders
2019-10-05 14:55:07.659 [qtp2136601828-19] INFO  by.training.final.ServletLogger - username-Eve, role-user, command-rejectorder
2019-10-05 14:55:11.837 [qtp2136601828-25] INFO  by.training.final.ServletLogger - username-Eve, role-user, command-towallet
2019-10-05 14:55:18.833 [qtp2136601828-17] INFO  by.training.final.ServletLogger - username-Eve, role-user, command-rejectransaction
2019-10-05 14:55:22.208 [qtp2136601828-26] INFO  by.training.final.ServletLogger - username-Eve, role-user, command-rejectransaction
2019-10-05 14:55:26.068 [qtp2136601828-25] INFO  by.training.final.ServletLogger - username-Eve, role-user, command-toorders
2019-10-05 14:57:00.938 [qtp2136601828-21] INFO  by.training.final.ServletLogger - username-unknown, role-unknown, command-login
2019-10-05 14:57:04.801 [qtp2136601828-23] INFO  by.training.final.ServletLogger - username-Eve, role-user, command-towallet
2019-10-05 14:57:18.635 [qtp2136601828-21] INFO  by.training.final.ServletLogger - username-Eve, role-user, command-todeposit 
2019-10-05 14:57:21.003 [qtp2136601828-16] INFO  by.training.final.ServletLogger - username-Eve, role-user, command-deposit
2019-10-05 14:57:29.033 [qtp2136601828-30] INFO  by.training.final.ServletLogger - username-Eve, role-user, command-toorders
2019-10-05 14:58:42.504 [qtp1157159044-30] INFO  by.training.final.ServletLogger - username-unknown, role-unknown, command-login
2019-10-05 14:58:46.136 [qtp1157159044-18] INFO  by.training.final.ServletLogger - username-Eve, role-user, command-toorders
2019-10-05 14:59:24.955 [qtp1157159044-25] INFO  by.training.final.ServletLogger - username-unknown, role-unknown, command-login
2019-10-05 14:59:26.570 [qtp1157159044-25] INFO  by.training.final.ServletLogger - username-Alice, role-admin, command-login
2019-10-05 14:59:33.973 [qtp1157159044-24] INFO  by.training.final.ServletLogger - username-Alice, role-admin, command-login
2019-10-05 14:59:35.526 [qtp1157159044-25] INFO  by.training.final.ServletLogger - username-Eve, role-user, command-toorders
2019-10-05 14:59:42.214 [qtp1157159044-21] INFO  by.training.final.ServletLogger - username-Eve, role-user, command-towallet
2019-10-05 14:59:44.284 [qtp1157159044-19] INFO  by.training.final.ServletLogger - username-Eve, role-user, command-todeposit 
2019-10-05 14:59:45.178 [qtp1157159044-20] INFO  by.training.final.ServletLogger - username-Eve, role-user, command-towallet
2019-10-05 14:59:46.252 [qtp1157159044-19] INFO  by.training.final.ServletLogger - username-Eve, role-user, command-towithdraw 
2019-10-05 14:59:47.874 [qtp1157159044-17] INFO  by.training.final.ServletLogger - username-Eve, role-user, command-towallet
2019-10-05 14:59:49.145 [qtp1157159044-25] INFO  by.training.final.ServletLogger - username-Eve, role-user, command-todeposit 
2019-10-05 14:59:50.364 [qtp1157159044-16] INFO  by.training.final.ServletLogger - username-Eve, role-user, command-toorders
2019-10-05 14:59:51.719 [qtp1157159044-21] INFO  by.training.final.ServletLogger - username-Eve, role-user, command-towallet
2019-10-05 14:59:55.633 [qtp1157159044-17] INFO  by.training.final.ServletLogger - username-Eve, role-user, command-tomarket
2019-10-05 14:59:58.109 [qtp1157159044-23] INFO  by.training.final.ServletLogger - username-Eve, role-user, command-tomarket
2019-10-05 14:59:59.068 [qtp1157159044-30] INFO  by.training.final.ServletLogger - username-Eve, role-user, command-tomarket
2019-10-05 15:00:00.151 [qtp1157159044-24] INFO  by.training.final.ServletLogger - username-Eve, role-user, command-tomarket
2019-10-05 15:00:01.150 [qtp1157159044-30] INFO  by.training.final.ServletLogger - username-Eve, role-user, command-tomarket
2019-10-05 15:00:01.826 [qtp1157159044-19] INFO  by.training.final.ServletLogger - username-Eve, role-user, command-tomarket
2019-10-05 15:00:02.610 [qtp1157159044-23] INFO  by.training.final.ServletLogger - username-Eve, role-user, command-tomarket
2019-10-05 15:00:04.169 [qtp1157159044-17] INFO  by.training.final.ServletLogger - username-Eve, role-user, command-setlimitorder
2019-10-05 15:00:05.335 [qtp1157159044-19] INFO  by.training.final.ServletLogger - username-Eve, role-user, command-setlimitorder
2019-10-05 15:00:07.617 [qtp1157159044-16] INFO  by.training.final.ServletLogger - username-Eve, role-user, command-settypeoforder
2019-10-05 15:00:10.542 [qtp1157159044-19] INFO  by.training.final.ServletLogger - username-Eve, role-user, command-executemarketorder
2019-10-05 15:00:20.332 [qtp1157159044-30] INFO  by.training.final.ServletLogger - username-Eve, role-user, command-tomarket
2019-10-05 15:00:24.985 [qtp1157159044-20] INFO  by.training.final.ServletLogger - username-Eve, role-user, command-toorders
2019-10-05 15:00:27.849 [qtp1157159044-21] INFO  by.training.final.ServletLogger - username-Eve, role-user, command-rejectorder
2019-10-05 15:00:30.538 [qtp1157159044-20] INFO  by.training.final.ServletLogger - username-Eve, role-user, command-rejectorder
2019-10-05 15:00:31.733 [qtp1157159044-30] INFO  by.training.final.ServletLogger - username-Eve, role-user, command-rejectorder
2019-10-05 15:00:32.715 [qtp1157159044-19] INFO  by.training.final.ServletLogger - username-Eve, role-user, command-rejectorder
2019-10-05 15:00:34.078 [qtp1157159044-24] INFO  by.training.final.ServletLogger - username-Eve, role-user, command-rejectorder
2019-10-05 15:00:39.180 [qtp1157159044-17] INFO  by.training.final.ServletLogger - username-Eve, role-user, command-toorders
2019-10-05 15:00:39.917 [qtp1157159044-17] INFO  by.training.final.ServletLogger - username-Eve, role-user, command-towallet
2019-10-05 15:00:40.451 [qtp1157159044-21] INFO  by.training.final.ServletLogger - username-Eve, role-user, command-tomarket
2019-10-05 15:00:43.982 [qtp1157159044-30] INFO  by.training.final.ServletLogger - username-Eve, role-user, command-tomarket
2019-10-05 15:01:01.709 [qtp1157159044-30] INFO  by.training.final.ServletLogger - username-Eve, role-user, command-towallet
2019-10-05 15:01:37.872 [qtp1157159044-19] INFO  by.training.final.ServletLogger - username-Eve, role-user, command-tomarket
2019-10-05 15:01:41.547 [qtp1157159044-16] INFO  by.training.final.ServletLogger - username-Eve, role-user, command-tomarket
2019-10-05 15:01:53.363 [qtp1157159044-17] INFO  by.training.final.ServletLogger - username-Eve, role-user, command-setlimitorder
2019-10-05 15:02:01.688 [qtp1157159044-32] INFO  by.training.final.ServletLogger - username-Eve, role-user, command-toorders
2019-10-05 15:02:07.416 [qtp1157159044-16] INFO  by.training.final.ServletLogger - username-Eve, role-user, command-rejectorder
2019-10-05 15:02:08.933 [qtp1157159044-17] INFO  by.training.final.ServletLogger - username-Eve, role-user, command-tomarket
2019-10-05 15:02:12.930 [qtp1157159044-24] INFO  by.training.final.ServletLogger - username-Eve, role-user, command-tomarket
2019-10-05 15:02:21.313 [qtp1157159044-19] INFO  by.training.final.ServletLogger - username-Eve, role-user, command-toorders
2019-10-05 15:02:26.716 [qtp1157159044-16] INFO  by.training.final.ServletLogger - username-Eve, role-user, command-rejectorder
2019-10-05 15:02:32.006 [qtp1157159044-19] INFO  by.training.final.ServletLogger - username-Eve, role-user, command-tomarket
2019-10-05 15:02:36.504 [qtp1157159044-19] INFO  by.training.final.ServletLogger - username-Eve, role-user, command-tomarket
2019-10-05 15:02:47.526 [qtp1157159044-16] INFO  by.training.final.ServletLogger - username-Eve, role-user, command-setlimitorder
2019-10-05 15:03:07.762 [qtp1157159044-32] INFO  by.training.final.ServletLogger - username-Eve, role-user, command-toorders
2019-10-05 15:03:23.195 [qtp1157159044-33] INFO  by.training.final.ServletLogger - username-unknown, role-unknown, command-login
2019-10-05 15:03:26.394 [qtp1157159044-19] INFO  by.training.final.ServletLogger - username-Eve, role-user, command-toorders
2019-10-05 15:03:31.296 [qtp1157159044-18] INFO  by.training.final.ServletLogger - username-Eve, role-user, command-rejectorder
2019-10-05 15:03:34.296 [qtp1157159044-24] INFO  by.training.final.ServletLogger - username-Eve, role-user, command-tomarket
2019-10-05 15:04:52.740 [qtp2136601828-22] INFO  by.training.final.ServletLogger - username-unknown, role-unknown, command-login
2019-10-05 15:05:03.944 [qtp2136601828-31] INFO  by.training.final.ServletLogger - username-Eve, role-user, command-tomarket
2019-10-05 15:05:11.460 [qtp2136601828-21] INFO  by.training.final.ServletLogger - username-Eve, role-user, command-setlimitorder
2019-10-05 15:10:19.755 [qtp1157159044-22] INFO  by.training.final.ServletLogger - username-unknown, role-unknown, command-login
2019-10-05 15:10:50.408 [qtp1157159044-31] INFO  by.training.final.ServletLogger - username-Alice, role-admin, command-approvetransaction
2019-10-05 15:10:52.768 [qtp1157159044-22] INFO  by.training.final.ServletLogger - username-Alice, role-admin, command-logout
2019-10-05 15:11:00.557 [qtp1157159044-23] INFO  by.training.final.ServletLogger - username-unknown, role-unknown, command-login
2019-10-05 15:11:02.422 [qtp1157159044-16] INFO  by.training.final.ServletLogger - username-Peggy, role-user, command-towallet
2019-10-05 15:11:08.770 [qtp1157159044-29] INFO  by.training.final.ServletLogger - username-Peggy, role-user, command-todeposit 
2019-10-05 15:11:28.792 [qtp1157159044-16] INFO  by.training.final.ServletLogger - username-Peggy, role-user, command-deposit
2019-10-05 15:11:31.030 [qtp1157159044-22] INFO  by.training.final.ServletLogger - username-Peggy, role-user, command-logout
2019-10-05 15:11:34.954 [qtp1157159044-31] INFO  by.training.final.ServletLogger - username-unknown, role-unknown, command-login
2019-10-05 15:11:42.816 [qtp1157159044-23] INFO  by.training.final.ServletLogger - username-Alice, role-admin, command-approvetransaction
2019-10-05 15:11:43.845 [qtp1157159044-23] INFO  by.training.final.ServletLogger - username-Alice, role-admin, command-logout
2019-10-05 15:11:50.051 [qtp1157159044-23] INFO  by.training.final.ServletLogger - username-unknown, role-unknown, command-login
2019-10-05 15:11:54.861 [qtp1157159044-16] INFO  by.training.final.ServletLogger - username-Peggy, role-user, command-towallet
2019-10-05 15:12:13.410 [qtp1157159044-33] INFO  by.training.final.ServletLogger - username-Peggy, role-user, command-logout
2019-10-05 15:12:19.291 [qtp1157159044-33] INFO  by.training.final.ServletLogger - username-unknown, role-unknown, command-login
2019-10-05 15:12:22.155 [qtp1157159044-16] INFO  by.training.final.ServletLogger - username-Eve, role-user, command-towallet
2019-10-05 15:12:57.406 [qtp1157159044-20] INFO  by.training.final.ServletLogger - username-Eve, role-user, command-logout
2019-10-05 15:13:01.111 [qtp1157159044-20] INFO  by.training.final.ServletLogger - username-unknown, role-unknown, command-login
2019-10-05 15:13:03.817 [qtp1157159044-21] INFO  by.training.final.ServletLogger - username-Peggy, role-user, command-towallet
2019-10-05 15:13:04.964 [qtp1157159044-31] INFO  by.training.final.ServletLogger - username-Peggy, role-user, command-toorders
2019-10-05 15:13:08.243 [qtp1157159044-29] INFO  by.training.final.ServletLogger - username-Peggy, role-user, command-towallet
2019-10-05 15:13:15.481 [qtp1157159044-16] INFO  by.training.final.ServletLogger - username-Peggy, role-user, command-tomarket
2019-10-05 15:13:18.356 [qtp1157159044-33] INFO  by.training.final.ServletLogger - username-Peggy, role-user, command-tomarket
2019-10-05 15:13:37.531 [qtp1157159044-23] INFO  by.training.final.ServletLogger - username-Peggy, role-user, command-setlimitorder
2019-10-05 15:13:43.475 [qtp1157159044-29] INFO  by.training.final.ServletLogger - username-Peggy, role-user, command-logout
2019-10-05 15:13:48.171 [qtp1157159044-32] INFO  by.training.final.ServletLogger - username-unknown, role-unknown, command-login
2019-10-05 15:13:51.314 [qtp1157159044-22] INFO  by.training.final.ServletLogger - username-Eve, role-user, command-towallet
2019-10-05 15:13:53.471 [qtp1157159044-24] INFO  by.training.final.ServletLogger - username-Eve, role-user, command-tomarket
2019-10-05 15:13:55.698 [qtp1157159044-33] INFO  by.training.final.ServletLogger - username-Eve, role-user, command-settypeoforder
2019-10-05 15:13:59.039 [qtp1157159044-29] INFO  by.training.final.ServletLogger - username-Eve, role-user, command-tomarket
2019-10-05 15:14:00.891 [qtp1157159044-22] INFO  by.training.final.ServletLogger - username-Eve, role-user, command-settypeoforder
2019-10-05 15:14:03.830 [qtp1157159044-32] INFO  by.training.final.ServletLogger - username-Eve, role-user, command-executemarketorder
2019-10-05 15:14:12.980 [qtp1157159044-21] INFO  by.training.final.ServletLogger - username-Eve, role-user, command-towallet
2019-10-05 15:14:22.285 [qtp1157159044-22] INFO  by.training.final.ServletLogger - username-Eve, role-user, command-logout
2019-10-05 15:14:27.093 [qtp1157159044-21] INFO  by.training.final.ServletLogger - username-unknown, role-unknown, command-login
2019-10-05 15:14:29.926 [qtp1157159044-31] INFO  by.training.final.ServletLogger - username-Peggy, role-user, command-towallet
2019-10-05 15:15:07.785 [qtp1157159044-32] INFO  by.training.final.ServletLogger - username-Peggy, role-user, command-logout
2019-10-05 15:16:12.061 [qtp1157159044-21] INFO  by.training.final.ServletLogger - username-unknown, role-unknown, command-changelanguage
2019-10-05 15:16:20.796 [qtp1157159044-33] INFO  by.training.final.ServletLogger - username-unknown, role-unknown, command-login
2019-10-05 15:16:32.208 [qtp1157159044-33] INFO  by.training.final.ServletLogger - username-Eve, role-user, command-towallet
2019-10-05 15:16:37.517 [qtp1157159044-20] INFO  by.training.final.ServletLogger - username-Eve, role-user, command-logout
2019-10-05 15:17:01.540 [qtp1157159044-21] INFO  by.training.final.ServletLogger - username-unknown, role-unknown, command-toregistration
2019-10-05 15:17:06.463 [qtp1157159044-32] INFO  by.training.final.ServletLogger - username-unknown, role-unknown, command-changelanguage
2019-10-05 15:17:08.868 [qtp1157159044-32] INFO  by.training.final.ServletLogger - username-unknown, role-unknown, command-changelanguage
2019-10-05 15:17:10.681 [qtp1157159044-33] INFO  by.training.final.ServletLogger - username-unknown, role-unknown, command-changelanguage
2019-10-05 15:23:55.464 [qtp1600651070-19] INFO  by.training.final.ServletLogger - username-unknown, role-unknown, command-changelanguage
2019-10-05 15:23:58.788 [qtp1600651070-20] INFO  by.training.final.ServletLogger - username-unknown, role-unknown, command-changelanguage
2019-10-05 15:24:46.667 [qtp213750932-19] INFO  by.training.final.ServletLogger - username-unknown, role-unknown, command-changelanguage
2019-10-05 15:24:50.089 [qtp213750932-29] INFO  by.training.final.ServletLogger - username-unknown, role-unknown, command-changelanguage
2019-10-05 15:24:51.571 [qtp213750932-31] INFO  by.training.final.ServletLogger - username-unknown, role-unknown, command-changelanguage
2019-10-05 15:30:53.412 [qtp213750932-19] INFO  by.training.final.ServletLogger - username-unknown, role-unknown, command-changelanguage
2019-10-05 15:33:20.364 [qtp213750932-21] INFO  by.training.final.ServletLogger - username-unknown, role-unknown, command-changelanguage
2019-10-05 15:47:57.466 [qtp1917747929-27] INFO  by.training.final.ServletLogger - username-unknown, role-unknown, command-login
2019-10-05 15:48:34.242 [qtp1917747929-34] INFO  by.training.final.ServletLogger - username-unknown, role-unknown, command-login
2019-10-05 15:49:42.462 [qtp1781062023-23] INFO  by.training.final.ServletLogger - username-unknown, role-unknown, command-login
2019-10-05 15:52:52.301 [qtp1180602512-32] INFO  by.training.final.ServletLogger - username-unknown, role-unknown, command-login
2019-10-05 17:33:12.930 [qtp39670567-35] INFO  by.training.final.ServletLogger - username-unknown, role-unknown, command-login
2019-10-05 17:40:00.553 [qtp1948328253-17] INFO  by.training.final.ServletLogger - username-unknown, role-unknown, command-login
2019-10-05 17:40:59.545 [qtp1371252597-22] INFO  by.training.final.ServletLogger - username-unknown, role-unknown, command-login
2019-10-05 17:44:07.916 [qtp146437128-18] INFO  by.training.final.ServletLogger - username-unknown, role-unknown, command-login
2019-10-05 17:45:03.345 [qtp178224376-26] INFO  by.training.final.ServletLogger - username-unknown, role-unknown, command-login
2019-10-05 17:45:27.000 [qtp178224376-25] INFO  by.training.final.ServletLogger - username-unknown, role-unknown, command-login
2019-10-05 17:45:34.429 [qtp178224376-30] INFO  by.training.final.ServletLogger - username-Eve, role-user, command-tomarket
2019-10-05 17:46:26.514 [qtp178224376-31] INFO  by.training.final.ServletLogger - username-unknown, role-unknown, command-login
2019-10-05 17:56:44.272 [qtp178224376-29] INFO  by.training.final.ServletLogger - username-unknown, role-unknown, command-login/j_spring_security_check
2019-10-05 17:58:21.626 [qtp178224376-23] INFO  by.training.final.ServletLogger - username-unknown, role-unknown, command-toregistration
2019-10-05 18:00:19.001 [qtp800311600-28] INFO  by.training.final.ServletLogger - username-unknown, role-unknown, command-login/j_spring_security_check
2019-10-05 18:01:22.012 [qtp1948328253-30] INFO  by.training.final.ServletLogger - username-unknown, role-unknown, command-login/j_spring_security_check
2019-10-05 18:01:52.971 [qtp1948328253-21] INFO  by.training.final.ServletLogger - username-unknown, role-unknown, command-toregistration
2019-10-06 11:18:16.691 [qtp1966611297-27] INFO  by.training.final.ServletLogger - username-unknown, role-unknown, command-changelanguage
2019-10-06 11:26:15.447 [qtp1860010238-18] INFO  by.training.final.ServletLogger - username-unknown, role-unknown, command-changelanguage
2019-10-06 11:27:57.807 [qtp1860010238-16] INFO  by.training.final.ServletLogger - username-unknown, role-unknown, command-changelanguage
2019-10-06 11:29:01.262 [qtp1062195420-17] INFO  by.training.final.ServletLogger - username-unknown, role-unknown, command-changelanguage
2019-10-06 11:29:57.960 [qtp1510737536-31] INFO  by.training.final.ServletLogger - username-unknown, role-unknown, command-changelanguage
2019-10-06 11:30:14.808 [qtp1510737536-21] INFO  by.training.final.ServletLogger - username-unknown, role-unknown, command-changelanguage
2019-10-06 11:30:20.586 [qtp1510737536-17] INFO  by.training.final.ServletLogger - username-unknown, role-unknown, command-changelanguage
2019-10-06 11:30:24.970 [qtp1510737536-31] INFO  by.training.final.ServletLogger - username-unknown, role-unknown, command-changelanguage
2019-10-06 11:31:30.061 [qtp673430832-17] INFO  by.training.final.ServletLogger - username-unknown, role-unknown, command-changelanguage
2019-10-06 11:32:43.087 [qtp1456572880-32] INFO  by.training.final.ServletLogger - username-unknown, role-unknown, command-changelanguage
2019-10-06 11:38:36.556 [qtp1277271172-18] INFO  by.training.final.ServletLogger - username-unknown, role-unknown, command-registration
2019-10-06 11:46:40.617 [qtp1039865382-18] INFO  by.training.final.ServletLogger - username-unknown, role-unknown, command-
2019-10-06 11:46:53.824 [qtp1039865382-26] INFO  by.training.final.ServletLogger - username-unknown, role-unknown, command-
2019-10-06 11:47:22.116 [qtp1039865382-18] INFO  by.training.final.ServletLogger - username-unknown, role-unknown, command-
2019-10-06 11:47:23.731 [qtp1039865382-16] INFO  by.training.final.ServletLogger - username-unknown, role-unknown, command-
2019-10-06 11:47:24.781 [qtp1039865382-18] INFO  by.training.final.ServletLogger - username-unknown, role-unknown, command-
2019-10-06 11:47:25.991 [qtp1039865382-20] INFO  by.training.final.ServletLogger - username-unknown, role-unknown, command-
2019-10-06 11:50:59.579 [qtp1039865382-31] INFO  by.training.final.ServletLogger - username-unknown, role-unknown, command-
2019-10-06 11:51:12.120 [qtp1039865382-32] INFO  by.training.final.ServletLogger - username-unknown, role-unknown, command-
2019-10-06 11:54:13.975 [qtp961312738-25] INFO  by.training.final.ServletLogger - username-unknown, role-unknown, command-
2019-10-06 11:54:25.599 [qtp961312738-25] INFO  by.training.final.ServletLogger - username-unknown, role-unknown, command-
2019-10-06 11:54:50.446 [qtp961312738-22] INFO  by.training.final.ServletLogger - username-unknown, role-unknown, command-
2019-10-06 11:54:58.305 [qtp961312738-30] INFO  by.training.final.ServletLogger - username-unknown, role-unknown, command-
2019-10-06 11:56:41.355 [qtp188928456-17] INFO  by.training.final.ServletLogger - username-unknown, role-unknown, command-
2019-10-06 11:58:08.796 [qtp1334272276-32] INFO  by.training.final.ServletLogger - username-unknown, role-unknown, command-
2019-10-06 11:59:14.908 [qtp1113168772-18] INFO  by.training.final.ServletLogger - username-unknown, role-unknown, command-
2019-10-06 12:00:41.111 [qtp2036762590-16] INFO  by.training.final.ServletLogger - username-unknown, role-unknown, command-
2019-10-06 12:12:19.596 [qtp1619282151-23] INFO  by.training.final.ServletLogger - username-unknown, role-unknown, command-
2019-10-06 12:13:38.806 [qtp1514376202-31] INFO  by.training.final.ServletLogger - username-unknown, role-unknown, command-
2019-10-06 12:17:10.986 [qtp1752227897-19] INFO  by.training.final.ServletLogger - username-unknown, role-unknown, command-
2019-10-06 12:17:58.011 [qtp1752227897-22] INFO  by.training.final.ServletLogger - username-unknown, role-unknown, command-
2019-10-06 13:01:34.524 [qtp1699911101-33] INFO  by.training.final.ServletLogger - username-unknown, role-unknown, command-
2019-10-06 13:02:46.165 [qtp1699911101-22] INFO  by.training.final.ServletLogger - username-unknown, role-unknown, command-
2019-10-06 13:04:59.103 [qtp1060071448-22] INFO  by.training.final.ServletLogger - username-unknown, role-unknown, command-
2019-10-06 13:06:50.707 [qtp529404054-16] INFO  by.training.final.ServletLogger - username-unknown, role-unknown, command-
2019-10-06 13:07:53.565 [qtp529404054-22] INFO  by.training.final.ServletLogger - username-unknown, role-unknown, command-
2019-10-06 13:08:52.156 [qtp669265896-25] INFO  by.training.final.ServletLogger - username-unknown, role-unknown, command-
2019-10-06 13:10:56.837 [qtp1087422449-34] INFO  by.training.final.ServletLogger - username-unknown, role-unknown, command-
2019-10-06 13:12:54.009 [qtp2064047328-26] INFO  by.training.final.ServletLogger - username-unknown, role-unknown, command-
2019-10-06 13:12:59.318 [qtp2064047328-29] INFO  by.training.final.ServletLogger - username-unknown, role-unknown, command-
2019-10-06 13:38:47.057 [qtp1171055810-22] INFO  by.training.final.ServletLogger - username-Bob, role-sec, command-togglepair
2019-10-06 13:38:51.425 [qtp1171055810-22] INFO  by.training.final.ServletLogger - username-Bob, role-sec, command-togglepair
2019-10-06 13:38:52.579 [qtp1171055810-31] INFO  by.training.final.ServletLogger - username-Bob, role-sec, command-togglepair
2019-10-06 13:38:53.505 [qtp1171055810-22] INFO  by.training.final.ServletLogger - username-Bob, role-sec, command-togglepair
2019-10-06 13:38:55.765 [qtp1171055810-18] INFO  by.training.final.ServletLogger - username-Bob, role-sec, command-togglepair
2019-10-06 13:38:57.285 [qtp1171055810-25] INFO  by.training.final.ServletLogger - username-Bob, role-sec, command-togglepair
2019-10-06 13:39:45.314 [qtp37276358-17] INFO  by.training.final.ServletLogger - username-Bob, role-sec, command-togglepair
2019-10-06 13:40:00.847 [qtp37276358-16] INFO  by.training.final.ServletLogger - username-Alice, role-admin, command-togglepair
2019-10-06 13:41:46.103 [qtp37276358-22] INFO  by.training.final.ServletLogger - username-Bob, role-sec, command-togglepair
2019-10-06 13:41:47.726 [qtp37276358-17] INFO  by.training.final.ServletLogger - username-Bob, role-sec, command-togglepair
2019-10-06 13:41:58.476 [qtp37276358-32] INFO  by.training.final.ServletLogger - username-Alice, role-admin, command-togglepair
2019-10-06 13:49:27.185 [qtp824801578-32] INFO  by.training.final.ServletLogger - username-Eve, role-user, command-settypeoforder
2019-10-06 13:50:43.362 [qtp824801578-17] INFO  by.training.final.ServletLogger - username-Eve, role-user, command-settypeoforder
2019-10-06 13:52:25.706 [qtp255172197-20] INFO  by.training.final.ServletLogger - username-Eve, role-user, command-settypeoforder
2019-10-06 13:54:20.169 [qtp164942369-32] INFO  by.training.final.ServletLogger - username-Eve, role-user, command-settypeoforder
2019-10-06 13:54:21.980 [qtp164942369-19] INFO  by.training.final.ServletLogger - username-Eve, role-user, command-settypeoforder
2019-10-06 13:54:24.201 [qtp164942369-21] INFO  by.training.final.ServletLogger - username-Eve, role-user, command-tomarket
2019-10-06 13:54:25.294 [qtp164942369-16] INFO  by.training.final.ServletLogger - username-Eve, role-user, command-tomarket
2019-10-06 13:54:36.802 [qtp164942369-24] INFO  by.training.final.ServletLogger - username-Eve, role-user, command-toorders
2019-10-06 13:55:33.797 [qtp164942369-21] INFO  by.training.final.ServletLogger - username-Eve, role-user, command-toorders
2019-10-06 14:00:25.237 [qtp253658963-29] INFO  by.training.final.ServletLogger - username-Eve, role-user, command-towallet
2019-10-06 14:00:26.561 [qtp253658963-33] INFO  by.training.final.ServletLogger - username-Eve, role-user, command-toorders
2019-10-06 14:00:42.269 [qtp253658963-22] INFO  by.training.final.ServletLogger - username-Eve, role-user, command-rejectorder
2019-10-06 14:00:46.586 [qtp253658963-29] INFO  by.training.final.ServletLogger - username-Eve, role-user, command-towallet
2019-10-06 14:01:03.997 [qtp253658963-19] INFO  by.training.final.ServletLogger - username-Eve, role-user, command-todeposit 
2019-10-06 14:01:58.043 [qtp253658963-30] INFO  by.training.final.ServletLogger - username-Eve, role-user, command-toorders
2019-10-06 14:01:58.731 [qtp253658963-29] INFO  by.training.final.ServletLogger - username-Eve, role-user, command-towallet
2019-10-06 14:01:59.803 [qtp253658963-20] INFO  by.training.final.ServletLogger - username-Eve, role-user, command-tomarket
2019-10-06 14:02:00.874 [qtp253658963-19] INFO  by.training.final.ServletLogger - username-Eve, role-user, command-towallet
2019-10-06 14:02:06.035 [qtp253658963-19] INFO  by.training.final.ServletLogger - username-Eve, role-user, command-towallet
2019-10-06 14:02:07.963 [qtp253658963-18] INFO  by.training.final.ServletLogger - username-Eve, role-user, command-todeposit 
2019-10-06 14:06:42.385 [qtp253658963-33] INFO  by.training.final.ServletLogger - username-Eve, role-user, command-toorders
2019-10-06 14:06:43.269 [qtp253658963-33] INFO  by.training.final.ServletLogger - username-Eve, role-user, command-towallet
2019-10-06 14:06:44.578 [qtp253658963-31] INFO  by.training.final.ServletLogger - username-Eve, role-user, command-toorders
2019-10-06 14:06:45.359 [qtp253658963-31] INFO  by.training.final.ServletLogger - username-Eve, role-user, command-tomarket
2019-10-06 14:06:45.962 [qtp253658963-23] INFO  by.training.final.ServletLogger - username-Eve, role-user, command-toorders
2019-10-06 14:06:46.486 [qtp253658963-23] INFO  by.training.final.ServletLogger - username-Eve, role-user, command-towallet
2019-10-06 14:06:47.568 [qtp253658963-37] INFO  by.training.final.ServletLogger - username-Eve, role-user, command-towallet
2019-10-06 14:06:48.212 [qtp253658963-32] INFO  by.training.final.ServletLogger - username-Eve, role-user, command-toorders
2019-10-06 14:06:48.891 [qtp253658963-32] INFO  by.training.final.ServletLogger - username-Eve, role-user, command-towallet
2019-10-06 14:06:49.506 [qtp253658963-34] INFO  by.training.final.ServletLogger - username-Eve, role-user, command-tomarket
2019-10-06 14:06:50.159 [qtp253658963-23] INFO  by.training.final.ServletLogger - username-Eve, role-user, command-towallet
2019-10-06 14:06:51.711 [qtp253658963-30] INFO  by.training.final.ServletLogger - username-Eve, role-user, command-toorders
2019-10-06 14:06:54.054 [qtp253658963-37] INFO  by.training.final.ServletLogger - username-Eve, role-user, command-towallet
2019-10-06 14:06:55.792 [qtp253658963-19] INFO  by.training.final.ServletLogger - username-Eve, role-user, command-todeposit 
2019-10-06 14:06:58.579 [qtp253658963-34] INFO  by.training.final.ServletLogger - username-Eve, role-user, command-towallet
2019-10-06 14:07:00.583 [qtp253658963-33] INFO  by.training.final.ServletLogger - username-Eve, role-user, command-towithdraw 
2019-10-06 14:07:03.568 [qtp253658963-23] INFO  by.training.final.ServletLogger - username-Eve, role-user, command-towallet
2019-10-06 14:07:16.268 [qtp253658963-35] INFO  by.training.final.ServletLogger - username-Eve, role-user, command-towithdraw 
2019-10-06 14:07:18.068 [qtp253658963-33] INFO  by.training.final.ServletLogger - username-Eve, role-user, command-withdraw
2019-10-06 14:07:30.927 [qtp253658963-30] INFO  by.training.final.ServletLogger - username-Eve, role-user, command-rejectransaction
2019-10-06 14:07:34.407 [qtp253658963-35] INFO  by.training.final.ServletLogger - username-Eve, role-user, command-towithdraw 
2019-10-06 14:07:35.955 [qtp253658963-34] INFO  by.training.final.ServletLogger - username-Eve, role-user, command-withdraw
2019-10-06 14:07:40.850 [qtp253658963-23] INFO  by.training.final.ServletLogger - username-Eve, role-user, command-rejectransaction
2019-10-06 14:07:42.743 [qtp253658963-35] INFO  by.training.final.ServletLogger - username-Eve, role-user, command-towithdraw 
2019-10-06 14:07:45.867 [qtp253658963-31] INFO  by.training.final.ServletLogger - username-Eve, role-user, command-withdraw
2019-10-06 14:07:54.063 [qtp253658963-32] INFO  by.training.final.ServletLogger - username-Alice, role-admin, command-approvetransaction
2019-10-06 14:09:26.327 [qtp777906722-17] INFO  by.training.final.ServletLogger - username-Alice, role-admin, command-approvetransaction
2019-10-06 14:09:37.445 [qtp777906722-25] INFO  by.training.final.ServletLogger - username-Eve, role-user, command-towallet
2019-10-06 14:09:40.883 [qtp777906722-21] INFO  by.training.final.ServletLogger - username-Eve, role-user, command-towithdraw 
2019-10-06 14:09:44.024 [qtp777906722-25] INFO  by.training.final.ServletLogger - username-Eve, role-user, command-withdraw
2019-10-06 14:09:50.166 [qtp777906722-16] INFO  by.training.final.ServletLogger - username-Eve, role-user, command-towallet
2019-10-06 14:09:53.831 [qtp777906722-25] INFO  by.training.final.ServletLogger - username-Eve, role-user, command-todeposit 
2019-10-06 14:09:55.441 [qtp777906722-22] INFO  by.training.final.ServletLogger - username-Eve, role-user, command-deposit
2019-10-06 14:10:04.192 [qtp777906722-23] INFO  by.training.final.ServletLogger - username-Alice, role-admin, command-approvetransaction
2019-10-06 14:10:09.978 [qtp777906722-17] INFO  by.training.final.ServletLogger - username-Eve, role-user, command-towallet
2019-10-06 14:10:15.446 [qtp777906722-18] INFO  by.training.final.ServletLogger - username-Eve, role-user, command-tomarket
2019-10-06 14:10:16.143 [qtp777906722-17] INFO  by.training.final.ServletLogger - username-Eve, role-user, command-towallet
2019-10-06 14:10:16.779 [qtp777906722-25] INFO  by.training.final.ServletLogger - username-Eve, role-user, command-toorders
2019-10-06 14:10:17.289 [qtp777906722-21] INFO  by.training.final.ServletLogger - username-Eve, role-user, command-towallet
2019-10-06 14:10:17.768 [qtp777906722-30] INFO  by.training.final.ServletLogger - username-Eve, role-user, command-tomarket
2019-10-06 14:10:19.890 [qtp777906722-17] INFO  by.training.final.ServletLogger - username-Eve, role-user, command-towallet
2019-10-06 14:10:20.994 [qtp777906722-32] INFO  by.training.final.ServletLogger - username-Eve, role-user, command-tomarket
2019-10-06 14:10:27.367 [qtp777906722-18] INFO  by.training.final.ServletLogger - username-Bob, role-sec, command-togglepair
2019-10-06 14:10:36.540 [qtp777906722-23] INFO  by.training.final.ServletLogger - username-Eve, role-user, command-setlimitorder
2019-10-06 14:11:59.014 [qtp777906722-33] INFO  by.training.final.ServletLogger - username-Eve, role-user, command-setlimitorder
2019-10-06 14:12:00.294 [qtp777906722-19] INFO  by.training.final.ServletLogger - username-Eve, role-user, command-setlimitorder
2019-10-06 14:12:02.894 [qtp777906722-23] INFO  by.training.final.ServletLogger - username-Eve, role-user, command-settypeoforder
2019-10-06 14:12:04.154 [qtp777906722-16] INFO  by.training.final.ServletLogger - username-Eve, role-user, command-executemarketorder
2019-10-06 14:12:10.549 [qtp777906722-31] INFO  by.training.final.ServletLogger - username-Eve, role-user, command-settypeoforder
